<?xml version="1.0" encoding="UTF-8"?>
<testsuite xmlns:xsi="http://www.w3.org/2001/XMLSchema-instance" xsi:noNamespaceSchemaLocation="https://maven.apache.org/surefire/maven-surefire-plugin/xsd/surefire-test-report-3.0.xsd" version="3.0" name="org.eclipse.leshan.core.node.codec.LwM2mNodeDecoderTest" time="0.396" tests="330" errors="0" skipped="0" failures="0">
  <properties>
    <property name="java.specification.version" value="17"/>
    <property name="sun.jnu.encoding" value="UTF-8"/>
    <property name="java.class.path" value="/home/jeremie/Documents/leshan/leshan-lwm2m-core/target/test-classes:/home/jeremie/Documents/leshan/leshan-lwm2m-core/target/classes:/home/jeremie/.m2/repository/org/slf4j/slf4j-api/2.0.16/slf4j-api-2.0.16.jar:/home/jeremie/.m2/repository/com/fasterxml/jackson/core/jackson-databind/2.15.3/jackson-databind-2.15.3.jar:/home/jeremie/.m2/repository/com/fasterxml/jackson/core/jackson-annotations/2.15.3/jackson-annotations-2.15.3.jar:/home/jeremie/.m2/repository/com/fasterxml/jackson/core/jackson-core/2.15.3/jackson-core-2.15.3.jar:/home/jeremie/.m2/repository/com/upokecenter/cbor/4.5.6/cbor-4.5.6.jar:/home/jeremie/.m2/repository/com/github/peteroupc/numbers/1.8.2/numbers-1.8.2.jar:/home/jeremie/.m2/repository/com/github/peteroupc/datautilities/1.1.0/datautilities-1.1.0.jar:/home/jeremie/.m2/repository/org/junit/jupiter/junit-jupiter/5.10.1/junit-jupiter-5.10.1.jar:/home/jeremie/.m2/repository/org/junit/jupiter/junit-jupiter-api/5.10.1/junit-jupiter-api-5.10.1.jar:/home/jeremie/.m2/repository/org/opentest4j/opentest4j/1.3.0/opentest4j-1.3.0.jar:/home/jeremie/.m2/repository/org/junit/platform/junit-platform-commons/1.10.1/junit-platform-commons-1.10.1.jar:/home/jeremie/.m2/repository/org/apiguardian/apiguardian-api/1.1.2/apiguardian-api-1.1.2.jar:/home/jeremie/.m2/repository/org/junit/jupiter/junit-jupiter-params/5.10.1/junit-jupiter-params-5.10.1.jar:/home/jeremie/.m2/repository/org/junit/jupiter/junit-jupiter-engine/5.10.1/junit-jupiter-engine-5.10.1.jar:/home/jeremie/.m2/repository/org/junit/platform/junit-platform-engine/1.10.1/junit-platform-engine-1.10.1.jar:/home/jeremie/.m2/repository/nl/jqno/equalsverifier/equalsverifier/3.15.3/equalsverifier-3.15.3.jar:/home/jeremie/.m2/repository/org/objenesis/objenesis/3.3/objenesis-3.3.jar:/home/jeremie/.m2/repository/net/bytebuddy/byte-buddy/1.14.9/byte-buddy-1.14.9.jar:/home/jeremie/.m2/repository/ch/qos/logback/logback-classic/1.3.15/logback-classic-1.3.15.jar:/home/jeremie/.m2/repository/ch/qos/logback/logback-core/1.3.15/logback-core-1.3.15.jar:"/>
    <property name="java.vm.vendor" value="Debian"/>
    <property name="sun.arch.data.model" value="64"/>
    <property name="java.vendor.url" value="https://tracker.debian.org/openjdk-17"/>
    <property name="user.timezone" value="Europe/Paris"/>
    <property name="os.name" value="Linux"/>
    <property name="java.vm.specification.version" value="17"/>
    <property name="sun.java.launcher" value="SUN_STANDARD"/>
    <property name="user.country" value="FR"/>
    <property name="sun.boot.library.path" value="/usr/lib/jvm/java-17-openjdk-amd64/lib"/>
    <property name="sun.java.command" value="/home/jeremie/Documents/leshan/leshan-lwm2m-core/target/surefire/surefirebooter-20250319160859417_3.jar /home/jeremie/Documents/leshan/leshan-lwm2m-core/target/surefire 2025-03-19T16-08-58_036-jvmRun1 surefire-20250319160859417_1tmp surefire_0-20250319160859417_2tmp"/>
    <property name="jdk.debug" value="release"/>
    <property name="surefire.test.class.path" value="/home/jeremie/Documents/leshan/leshan-lwm2m-core/target/test-classes:/home/jeremie/Documents/leshan/leshan-lwm2m-core/target/classes:/home/jeremie/.m2/repository/org/slf4j/slf4j-api/2.0.16/slf4j-api-2.0.16.jar:/home/jeremie/.m2/repository/com/fasterxml/jackson/core/jackson-databind/2.15.3/jackson-databind-2.15.3.jar:/home/jeremie/.m2/repository/com/fasterxml/jackson/core/jackson-annotations/2.15.3/jackson-annotations-2.15.3.jar:/home/jeremie/.m2/repository/com/fasterxml/jackson/core/jackson-core/2.15.3/jackson-core-2.15.3.jar:/home/jeremie/.m2/repository/com/upokecenter/cbor/4.5.6/cbor-4.5.6.jar:/home/jeremie/.m2/repository/com/github/peteroupc/numbers/1.8.2/numbers-1.8.2.jar:/home/jeremie/.m2/repository/com/github/peteroupc/datautilities/1.1.0/datautilities-1.1.0.jar:/home/jeremie/.m2/repository/org/junit/jupiter/junit-jupiter/5.10.1/junit-jupiter-5.10.1.jar:/home/jeremie/.m2/repository/org/junit/jupiter/junit-jupiter-api/5.10.1/junit-jupiter-api-5.10.1.jar:/home/jeremie/.m2/repository/org/opentest4j/opentest4j/1.3.0/opentest4j-1.3.0.jar:/home/jeremie/.m2/repository/org/junit/platform/junit-platform-commons/1.10.1/junit-platform-commons-1.10.1.jar:/home/jeremie/.m2/repository/org/apiguardian/apiguardian-api/1.1.2/apiguardian-api-1.1.2.jar:/home/jeremie/.m2/repository/org/junit/jupiter/junit-jupiter-params/5.10.1/junit-jupiter-params-5.10.1.jar:/home/jeremie/.m2/repository/org/junit/jupiter/junit-jupiter-engine/5.10.1/junit-jupiter-engine-5.10.1.jar:/home/jeremie/.m2/repository/org/junit/platform/junit-platform-engine/1.10.1/junit-platform-engine-1.10.1.jar:/home/jeremie/.m2/repository/nl/jqno/equalsverifier/equalsverifier/3.15.3/equalsverifier-3.15.3.jar:/home/jeremie/.m2/repository/org/objenesis/objenesis/3.3/objenesis-3.3.jar:/home/jeremie/.m2/repository/net/bytebuddy/byte-buddy/1.14.9/byte-buddy-1.14.9.jar:/home/jeremie/.m2/repository/ch/qos/logback/logback-classic/1.3.15/logback-classic-1.3.15.jar:/home/jeremie/.m2/repository/ch/qos/logback/logback-core/1.3.15/logback-core-1.3.15.jar:"/>
    <property name="sun.cpu.endian" value="little"/>
    <property name="user.home" value="/home/jeremie"/>
    <property name="user.language" value="fr"/>
    <property name="java.specification.vendor" value="Oracle Corporation"/>
    <property name="java.version.date" value="2025-01-21"/>
    <property name="java.home" value="/usr/lib/jvm/java-17-openjdk-amd64"/>
    <property name="file.separator" value="/"/>
    <property name="basedir" value="/home/jeremie/Documents/leshan/leshan-lwm2m-core"/>
    <property name="java.vm.compressedOopsMode" value="Zero based"/>
    <property name="line.separator" value="&#10;"/>
    <property name="java.vm.specification.vendor" value="Oracle Corporation"/>
    <property name="java.specification.name" value="Java Platform API Specification"/>
    <property name="logback.configurationFile" value="logback-leshan-test.xml"/>
    <property name="surefire.real.class.path" value="/home/jeremie/Documents/leshan/leshan-lwm2m-core/target/surefire/surefirebooter-20250319160859417_3.jar"/>
    <property name="sun.management.compiler" value="HotSpot 64-Bit Tiered Compilers"/>
    <property name="java.runtime.version" value="17.0.14+7-Debian-1deb11u1"/>
    <property name="user.name" value="jeremie"/>
    <property name="path.separator" value=":"/>
    <property name="os.version" value="5.10.0-34-amd64"/>
    <property name="java.runtime.name" value="OpenJDK Runtime Environment"/>
    <property name="file.encoding" value="UTF-8"/>
    <property name="java.vm.name" value="OpenJDK 64-Bit Server VM"/>
    <property name="localRepository" value="/home/jeremie/.m2/repository"/>
    <property name="java.vendor.url.bug" value="https://bugs.debian.org/openjdk-17"/>
    <property name="java.io.tmpdir" value="/tmp"/>
    <property name="java.version" value="17.0.14"/>
    <property name="user.dir" value="/home/jeremie/Documents/leshan/leshan-lwm2m-core"/>
    <property name="os.arch" value="amd64"/>
    <property name="java.vm.specification.name" value="Java Virtual Machine Specification"/>
    <property name="native.encoding" value="UTF-8"/>
    <property name="java.library.path" value="/usr/java/packages/lib:/usr/lib/x86_64-linux-gnu/jni:/lib/x86_64-linux-gnu:/usr/lib/x86_64-linux-gnu:/usr/lib/jni:/lib:/usr/lib"/>
    <property name="java.vm.info" value="mixed mode, sharing"/>
    <property name="java.vendor" value="Debian"/>
    <property name="java.vm.version" value="17.0.14+7-Debian-1deb11u1"/>
    <property name="java.specification.maintenance.version" value="1"/>
    <property name="sun.io.unicode.encoding" value="UnicodeLittle"/>
    <property name="java.class.version" value="61.0"/>
  </properties>
  <testcase name="senml_timestamped_instances(String)[1]" classname="org.eclipse.leshan.core.node.codec.LwM2mNodeDecoderTest" time="0.007"/>
  <testcase name="senml_timestamped_instances(String)[2]" classname="org.eclipse.leshan.core.node.codec.LwM2mNodeDecoderTest" time="0.001"/>
  <testcase name="senml_timestamped_instances(String)[3]" classname="org.eclipse.leshan.core.node.codec.LwM2mNodeDecoderTest" time="0.001"/>
  <testcase name="senml_timestamped_instances(String)[4]" classname="org.eclipse.leshan.core.node.codec.LwM2mNodeDecoderTest" time="0.001"/>
  <testcase name="senml_timestamped_instances(String)[5]" classname="org.eclipse.leshan.core.node.codec.LwM2mNodeDecoderTest" time="0.001"/>
  <testcase name="senml_json_decode_opaque_resource(String)[1]" classname="org.eclipse.leshan.core.node.codec.LwM2mNodeDecoderTest" time="0.002"/>
  <testcase name="senml_json_decode_opaque_resource(String)[2]" classname="org.eclipse.leshan.core.node.codec.LwM2mNodeDecoderTest" time="0.001"/>
  <testcase name="senml_json_decode_opaque_resource(String)[3]" classname="org.eclipse.leshan.core.node.codec.LwM2mNodeDecoderTest" time="0.001"/>
  <testcase name="senml_json_decode_opaque_resource(String)[4]" classname="org.eclipse.leshan.core.node.codec.LwM2mNodeDecoderTest" time="0.001"/>
  <testcase name="senml_json_decode_opaque_resource(String)[5]" classname="org.eclipse.leshan.core.node.codec.LwM2mNodeDecoderTest" time="0.0"/>
  <testcase name="tlv_empty_single_resource(String)[1]" classname="org.eclipse.leshan.core.node.codec.LwM2mNodeDecoderTest" time="0.001"/>
  <testcase name="tlv_empty_single_resource(String)[2]" classname="org.eclipse.leshan.core.node.codec.LwM2mNodeDecoderTest" time="0.0"/>
  <testcase name="tlv_empty_single_resource(String)[3]" classname="org.eclipse.leshan.core.node.codec.LwM2mNodeDecoderTest" time="0.001"/>
  <testcase name="tlv_empty_single_resource(String)[4]" classname="org.eclipse.leshan.core.node.codec.LwM2mNodeDecoderTest" time="0.0"/>
  <testcase name="tlv_empty_single_resource(String)[5]" classname="org.eclipse.leshan.core.node.codec.LwM2mNodeDecoderTest" time="0.0"/>
  <testcase name="tlv_empty_instance(String)[1]" classname="org.eclipse.leshan.core.node.codec.LwM2mNodeDecoderTest" time="0.001"/>
  <testcase name="tlv_empty_instance(String)[2]" classname="org.eclipse.leshan.core.node.codec.LwM2mNodeDecoderTest" time="0.001"/>
  <testcase name="tlv_empty_instance(String)[3]" classname="org.eclipse.leshan.core.node.codec.LwM2mNodeDecoderTest" time="0.001"/>
  <testcase name="tlv_empty_instance(String)[4]" classname="org.eclipse.leshan.core.node.codec.LwM2mNodeDecoderTest" time="0.0"/>
  <testcase name="tlv_empty_instance(String)[5]" classname="org.eclipse.leshan.core.node.codec.LwM2mNodeDecoderTest" time="0.0"/>
  <testcase name="tlv_unknown_object__missing_instance_tlv(String)[1]" classname="org.eclipse.leshan.core.node.codec.LwM2mNodeDecoderTest" time="0.001"/>
  <testcase name="tlv_unknown_object__missing_instance_tlv(String)[2]" classname="org.eclipse.leshan.core.node.codec.LwM2mNodeDecoderTest" time="0.001"/>
  <testcase name="tlv_unknown_object__missing_instance_tlv(String)[3]" classname="org.eclipse.leshan.core.node.codec.LwM2mNodeDecoderTest" time="0.0"/>
  <testcase name="tlv_unknown_object__missing_instance_tlv(String)[4]" classname="org.eclipse.leshan.core.node.codec.LwM2mNodeDecoderTest" time="0.001"/>
  <testcase name="tlv_unknown_object__missing_instance_tlv(String)[5]" classname="org.eclipse.leshan.core.node.codec.LwM2mNodeDecoderTest" time="0.0"/>
  <testcase name="senml_json_decode_acl_object(String)[1]" classname="org.eclipse.leshan.core.node.codec.LwM2mNodeDecoderTest" time="0.001"/>
  <testcase name="senml_json_decode_acl_object(String)[2]" classname="org.eclipse.leshan.core.node.codec.LwM2mNodeDecoderTest" time="0.0"/>
  <testcase name="senml_json_decode_acl_object(String)[3]" classname="org.eclipse.leshan.core.node.codec.LwM2mNodeDecoderTest" time="0.0"/>
  <testcase name="senml_json_decode_acl_object(String)[4]" classname="org.eclipse.leshan.core.node.codec.LwM2mNodeDecoderTest" time="0.001"/>
  <testcase name="senml_json_decode_acl_object(String)[5]" classname="org.eclipse.leshan.core.node.codec.LwM2mNodeDecoderTest" time="0.001"/>
  <testcase name="text_manufacturer_resource(String)[1]" classname="org.eclipse.leshan.core.node.codec.LwM2mNodeDecoderTest" time="0.001"/>
  <testcase name="text_manufacturer_resource(String)[2]" classname="org.eclipse.leshan.core.node.codec.LwM2mNodeDecoderTest" time="0.0"/>
  <testcase name="text_manufacturer_resource(String)[3]" classname="org.eclipse.leshan.core.node.codec.LwM2mNodeDecoderTest" time="0.001"/>
  <testcase name="text_manufacturer_resource(String)[4]" classname="org.eclipse.leshan.core.node.codec.LwM2mNodeDecoderTest" time="0.001"/>
  <testcase name="text_manufacturer_resource(String)[5]" classname="org.eclipse.leshan.core.node.codec.LwM2mNodeDecoderTest" time="0.0"/>
  <testcase name="json_missing_value_for_resource(String)[1]" classname="org.eclipse.leshan.core.node.codec.LwM2mNodeDecoderTest" time="0.001"/>
  <testcase name="json_missing_value_for_resource(String)[2]" classname="org.eclipse.leshan.core.node.codec.LwM2mNodeDecoderTest" time="0.0"/>
  <testcase name="json_missing_value_for_resource(String)[3]" classname="org.eclipse.leshan.core.node.codec.LwM2mNodeDecoderTest" time="0.0"/>
  <testcase name="json_missing_value_for_resource(String)[4]" classname="org.eclipse.leshan.core.node.codec.LwM2mNodeDecoderTest" time="0.0"/>
  <testcase name="json_missing_value_for_resource(String)[5]" classname="org.eclipse.leshan.core.node.codec.LwM2mNodeDecoderTest" time="0.001"/>
  <testcase name="senml_cbor_empty_multi_resource(String)[1]" classname="org.eclipse.leshan.core.node.codec.LwM2mNodeDecoderTest" time="0.0"/>
  <testcase name="senml_cbor_empty_multi_resource(String)[2]" classname="org.eclipse.leshan.core.node.codec.LwM2mNodeDecoderTest" time="0.0"/>
  <testcase name="senml_cbor_empty_multi_resource(String)[3]" classname="org.eclipse.leshan.core.node.codec.LwM2mNodeDecoderTest" time="0.0"/>
  <testcase name="senml_cbor_empty_multi_resource(String)[4]" classname="org.eclipse.leshan.core.node.codec.LwM2mNodeDecoderTest" time="0.001"/>
  <testcase name="senml_cbor_empty_multi_resource(String)[5]" classname="org.eclipse.leshan.core.node.codec.LwM2mNodeDecoderTest" time="0.0"/>
  <testcase name="json_custom_object_instance(String)[1]" classname="org.eclipse.leshan.core.node.codec.LwM2mNodeDecoderTest" time="0.001"/>
  <testcase name="json_custom_object_instance(String)[2]" classname="org.eclipse.leshan.core.node.codec.LwM2mNodeDecoderTest" time="0.001"/>
  <testcase name="json_custom_object_instance(String)[3]" classname="org.eclipse.leshan.core.node.codec.LwM2mNodeDecoderTest" time="0.001"/>
  <testcase name="json_custom_object_instance(String)[4]" classname="org.eclipse.leshan.core.node.codec.LwM2mNodeDecoderTest" time="0.001"/>
  <testcase name="json_custom_object_instance(String)[5]" classname="org.eclipse.leshan.core.node.codec.LwM2mNodeDecoderTest" time="0.001"/>
  <testcase name="tlv_empty_multi_resource(String)[1]" classname="org.eclipse.leshan.core.node.codec.LwM2mNodeDecoderTest" time="0.0"/>
  <testcase name="tlv_empty_multi_resource(String)[2]" classname="org.eclipse.leshan.core.node.codec.LwM2mNodeDecoderTest" time="0.0"/>
  <testcase name="tlv_empty_multi_resource(String)[3]" classname="org.eclipse.leshan.core.node.codec.LwM2mNodeDecoderTest" time="0.001"/>
  <testcase name="tlv_empty_multi_resource(String)[4]" classname="org.eclipse.leshan.core.node.codec.LwM2mNodeDecoderTest" time="0.001"/>
  <testcase name="tlv_empty_multi_resource(String)[5]" classname="org.eclipse.leshan.core.node.codec.LwM2mNodeDecoderTest" time="0.001"/>
  <testcase name="senml_json_decode_mixed_resource_and_instance(String)[1]" classname="org.eclipse.leshan.core.node.codec.LwM2mNodeDecoderTest" time="0.001"/>
  <testcase name="senml_json_decode_mixed_resource_and_instance(String)[2]" classname="org.eclipse.leshan.core.node.codec.LwM2mNodeDecoderTest" time="0.001"/>
  <testcase name="senml_json_decode_mixed_resource_and_instance(String)[3]" classname="org.eclipse.leshan.core.node.codec.LwM2mNodeDecoderTest" time="0.001"/>
  <testcase name="senml_json_decode_mixed_resource_and_instance(String)[4]" classname="org.eclipse.leshan.core.node.codec.LwM2mNodeDecoderTest" time="0.001"/>
  <testcase name="senml_json_decode_mixed_resource_and_instance(String)[5]" classname="org.eclipse.leshan.core.node.codec.LwM2mNodeDecoderTest" time="0.001"/>
  <testcase name="senml_json_decode_long(String)[1]" classname="org.eclipse.leshan.core.node.codec.LwM2mNodeDecoderTest" time="0.001"/>
  <testcase name="senml_json_decode_long(String)[2]" classname="org.eclipse.leshan.core.node.codec.LwM2mNodeDecoderTest" time="0.001"/>
  <testcase name="senml_json_decode_long(String)[3]" classname="org.eclipse.leshan.core.node.codec.LwM2mNodeDecoderTest" time="0.001"/>
  <testcase name="senml_json_decode_long(String)[4]" classname="org.eclipse.leshan.core.node.codec.LwM2mNodeDecoderTest" time="0.001"/>
  <testcase name="senml_json_decode_long(String)[5]" classname="org.eclipse.leshan.core.node.codec.LwM2mNodeDecoderTest" time="0.001"/>
  <testcase name="tlv_server_object_multi_instance_with_only_1_instance(String)[1]" classname="org.eclipse.leshan.core.node.codec.LwM2mNodeDecoderTest" time="0.001"/>
  <testcase name="tlv_server_object_multi_instance_with_only_1_instance(String)[2]" classname="org.eclipse.leshan.core.node.codec.LwM2mNodeDecoderTest" time="0.0"/>
  <testcase name="tlv_server_object_multi_instance_with_only_1_instance(String)[3]" classname="org.eclipse.leshan.core.node.codec.LwM2mNodeDecoderTest" time="0.0"/>
  <testcase name="tlv_server_object_multi_instance_with_only_1_instance(String)[4]" classname="org.eclipse.leshan.core.node.codec.LwM2mNodeDecoderTest" time="0.0"/>
  <testcase name="tlv_server_object_multi_instance_with_only_1_instance(String)[5]" classname="org.eclipse.leshan.core.node.codec.LwM2mNodeDecoderTest" time="0.0"/>
  <testcase name="tlv_empty_object(String)[1]" classname="org.eclipse.leshan.core.node.codec.LwM2mNodeDecoderTest" time="0.001"/>
  <testcase name="tlv_empty_object(String)[2]" classname="org.eclipse.leshan.core.node.codec.LwM2mNodeDecoderTest" time="0.0"/>
  <testcase name="tlv_empty_object(String)[3]" classname="org.eclipse.leshan.core.node.codec.LwM2mNodeDecoderTest" time="0.0"/>
  <testcase name="tlv_empty_object(String)[4]" classname="org.eclipse.leshan.core.node.codec.LwM2mNodeDecoderTest" time="0.0"/>
  <testcase name="tlv_empty_object(String)[5]" classname="org.eclipse.leshan.core.node.codec.LwM2mNodeDecoderTest" time="0.0"/>
  <testcase name="tlv_multi_instance_with_obj_link(String)[1]" classname="org.eclipse.leshan.core.node.codec.LwM2mNodeDecoderTest" time="0.001"/>
  <testcase name="tlv_multi_instance_with_obj_link(String)[2]" classname="org.eclipse.leshan.core.node.codec.LwM2mNodeDecoderTest" time="0.0"/>
  <testcase name="tlv_multi_instance_with_obj_link(String)[3]" classname="org.eclipse.leshan.core.node.codec.LwM2mNodeDecoderTest" time="0.0"/>
  <testcase name="tlv_multi_instance_with_obj_link(String)[4]" classname="org.eclipse.leshan.core.node.codec.LwM2mNodeDecoderTest" time="0.0"/>
  <testcase name="tlv_multi_instance_with_obj_link(String)[5]" classname="org.eclipse.leshan.core.node.codec.LwM2mNodeDecoderTest" time="0.0"/>
  <testcase name="json_device_object_instance0_without_basename(String)[1]" classname="org.eclipse.leshan.core.node.codec.LwM2mNodeDecoderTest" time="0.002"/>
  <testcase name="json_device_object_instance0_without_basename(String)[2]" classname="org.eclipse.leshan.core.node.codec.LwM2mNodeDecoderTest" time="0.001"/>
  <testcase name="json_device_object_instance0_without_basename(String)[3]" classname="org.eclipse.leshan.core.node.codec.LwM2mNodeDecoderTest" time="0.001"/>
  <testcase name="json_device_object_instance0_without_basename(String)[4]" classname="org.eclipse.leshan.core.node.codec.LwM2mNodeDecoderTest" time="0.001"/>
  <testcase name="json_device_object_instance0_without_basename(String)[5]" classname="org.eclipse.leshan.core.node.codec.LwM2mNodeDecoderTest" time="0.001"/>
  <testcase name="senml_json_decode_path_using_base_name(String)[1]" classname="org.eclipse.leshan.core.node.codec.LwM2mNodeDecoderTest" time="0.001"/>
  <testcase name="senml_json_decode_path_using_base_name(String)[2]" classname="org.eclipse.leshan.core.node.codec.LwM2mNodeDecoderTest" time="0.001"/>
  <testcase name="senml_json_decode_path_using_base_name(String)[3]" classname="org.eclipse.leshan.core.node.codec.LwM2mNodeDecoderTest" time="0.0"/>
  <testcase name="senml_json_decode_path_using_base_name(String)[4]" classname="org.eclipse.leshan.core.node.codec.LwM2mNodeDecoderTest" time="0.0"/>
  <testcase name="senml_json_decode_path_using_base_name(String)[5]" classname="org.eclipse.leshan.core.node.codec.LwM2mNodeDecoderTest" time="0.0"/>
  <testcase name="decode_null_multi_resource(ContentFormat)[1]" classname="org.eclipse.leshan.core.node.codec.LwM2mNodeDecoderTest" time="0.001"/>
  <testcase name="decode_null_multi_resource(ContentFormat)[2]" classname="org.eclipse.leshan.core.node.codec.LwM2mNodeDecoderTest" time="0.0"/>
  <testcase name="decode_null_multi_resource(ContentFormat)[3]" classname="org.eclipse.leshan.core.node.codec.LwM2mNodeDecoderTest" time="0.0"/>
  <testcase name="text_decode_should_throw_an_exception_for_invalid_base64(String)[1]" classname="org.eclipse.leshan.core.node.codec.LwM2mNodeDecoderTest" time="0.001"/>
  <testcase name="text_decode_should_throw_an_exception_for_invalid_base64(String)[2]" classname="org.eclipse.leshan.core.node.codec.LwM2mNodeDecoderTest" time="0.001"/>
  <testcase name="text_decode_should_throw_an_exception_for_invalid_base64(String)[3]" classname="org.eclipse.leshan.core.node.codec.LwM2mNodeDecoderTest" time="0.0"/>
  <testcase name="text_decode_should_throw_an_exception_for_invalid_base64(String)[4]" classname="org.eclipse.leshan.core.node.codec.LwM2mNodeDecoderTest" time="0.0"/>
  <testcase name="text_decode_should_throw_an_exception_for_invalid_base64(String)[5]" classname="org.eclipse.leshan.core.node.codec.LwM2mNodeDecoderTest" time="0.0"/>
  <testcase name="senml_json_decode_mixed_resource_without_given_path(String)[1]" classname="org.eclipse.leshan.core.node.codec.LwM2mNodeDecoderTest" time="0.001"/>
  <testcase name="senml_json_decode_mixed_resource_without_given_path(String)[2]" classname="org.eclipse.leshan.core.node.codec.LwM2mNodeDecoderTest" time="0.001"/>
  <testcase name="senml_json_decode_mixed_resource_without_given_path(String)[3]" classname="org.eclipse.leshan.core.node.codec.LwM2mNodeDecoderTest" time="0.001"/>
  <testcase name="senml_json_decode_mixed_resource_without_given_path(String)[4]" classname="org.eclipse.leshan.core.node.codec.LwM2mNodeDecoderTest" time="0.001"/>
  <testcase name="senml_json_decode_mixed_resource_without_given_path(String)[5]" classname="org.eclipse.leshan.core.node.codec.LwM2mNodeDecoderTest" time="0.0"/>
  <testcase name="senml_cbor_decode_opaque_resource" classname="org.eclipse.leshan.core.node.codec.LwM2mNodeDecoderTest" time="0.002"/>
  <testcase name="tlv_power_source__multiple_resource(String)[1]" classname="org.eclipse.leshan.core.node.codec.LwM2mNodeDecoderTest" time="0.0"/>
  <testcase name="tlv_power_source__multiple_resource(String)[2]" classname="org.eclipse.leshan.core.node.codec.LwM2mNodeDecoderTest" time="0.0"/>
  <testcase name="tlv_power_source__multiple_resource(String)[3]" classname="org.eclipse.leshan.core.node.codec.LwM2mNodeDecoderTest" time="0.0"/>
  <testcase name="tlv_power_source__multiple_resource(String)[4]" classname="org.eclipse.leshan.core.node.codec.LwM2mNodeDecoderTest" time="0.001"/>
  <testcase name="tlv_power_source__multiple_resource(String)[5]" classname="org.eclipse.leshan.core.node.codec.LwM2mNodeDecoderTest" time="0.001"/>
  <testcase name="json_empty_instance(String)[1]" classname="org.eclipse.leshan.core.node.codec.LwM2mNodeDecoderTest" time="0.0"/>
  <testcase name="json_empty_instance(String)[2]" classname="org.eclipse.leshan.core.node.codec.LwM2mNodeDecoderTest" time="0.001"/>
  <testcase name="json_empty_instance(String)[3]" classname="org.eclipse.leshan.core.node.codec.LwM2mNodeDecoderTest" time="0.001"/>
  <testcase name="json_empty_instance(String)[4]" classname="org.eclipse.leshan.core.node.codec.LwM2mNodeDecoderTest" time="0.001"/>
  <testcase name="json_empty_instance(String)[5]" classname="org.eclipse.leshan.core.node.codec.LwM2mNodeDecoderTest" time="0.001"/>
  <testcase name="tlv_device_object_instance0_from_resources_tlv(String)[1]" classname="org.eclipse.leshan.core.node.codec.LwM2mNodeDecoderTest" time="0.001"/>
  <testcase name="tlv_device_object_instance0_from_resources_tlv(String)[2]" classname="org.eclipse.leshan.core.node.codec.LwM2mNodeDecoderTest" time="0.001"/>
  <testcase name="tlv_device_object_instance0_from_resources_tlv(String)[3]" classname="org.eclipse.leshan.core.node.codec.LwM2mNodeDecoderTest" time="0.0"/>
  <testcase name="tlv_device_object_instance0_from_resources_tlv(String)[4]" classname="org.eclipse.leshan.core.node.codec.LwM2mNodeDecoderTest" time="0.0"/>
  <testcase name="tlv_device_object_instance0_from_resources_tlv(String)[5]" classname="org.eclipse.leshan.core.node.codec.LwM2mNodeDecoderTest" time="0.0"/>
  <testcase name="tlv_power_source__array_values(String)[1]" classname="org.eclipse.leshan.core.node.codec.LwM2mNodeDecoderTest" time="0.001"/>
  <testcase name="tlv_power_source__array_values(String)[2]" classname="org.eclipse.leshan.core.node.codec.LwM2mNodeDecoderTest" time="0.0"/>
  <testcase name="tlv_power_source__array_values(String)[3]" classname="org.eclipse.leshan.core.node.codec.LwM2mNodeDecoderTest" time="0.0"/>
  <testcase name="tlv_power_source__array_values(String)[4]" classname="org.eclipse.leshan.core.node.codec.LwM2mNodeDecoderTest" time="0.0"/>
  <testcase name="tlv_power_source__array_values(String)[5]" classname="org.eclipse.leshan.core.node.codec.LwM2mNodeDecoderTest" time="0.001"/>
  <testcase name="tlv_invalid_multi_resource_2_instance_with_the_same_id(String)[1]" classname="org.eclipse.leshan.core.node.codec.LwM2mNodeDecoderTest" time="0.002"/>
  <testcase name="tlv_invalid_multi_resource_2_instance_with_the_same_id(String)[2]" classname="org.eclipse.leshan.core.node.codec.LwM2mNodeDecoderTest" time="0.0"/>
  <testcase name="tlv_invalid_multi_resource_2_instance_with_the_same_id(String)[3]" classname="org.eclipse.leshan.core.node.codec.LwM2mNodeDecoderTest" time="0.0"/>
  <testcase name="tlv_invalid_multi_resource_2_instance_with_the_same_id(String)[4]" classname="org.eclipse.leshan.core.node.codec.LwM2mNodeDecoderTest" time="0.0"/>
  <testcase name="tlv_invalid_multi_resource_2_instance_with_the_same_id(String)[5]" classname="org.eclipse.leshan.core.node.codec.LwM2mNodeDecoderTest" time="0.0"/>
  <testcase name="tlv_instance_without_id_tlv(String)[1]" classname="org.eclipse.leshan.core.node.codec.LwM2mNodeDecoderTest" time="0.001"/>
  <testcase name="tlv_instance_without_id_tlv(String)[2]" classname="org.eclipse.leshan.core.node.codec.LwM2mNodeDecoderTest" time="0.0"/>
  <testcase name="tlv_instance_without_id_tlv(String)[3]" classname="org.eclipse.leshan.core.node.codec.LwM2mNodeDecoderTest" time="0.0"/>
  <testcase name="tlv_instance_without_id_tlv(String)[4]" classname="org.eclipse.leshan.core.node.codec.LwM2mNodeDecoderTest" time="0.0"/>
  <testcase name="tlv_instance_without_id_tlv(String)[5]" classname="org.eclipse.leshan.core.node.codec.LwM2mNodeDecoderTest" time="0.001"/>
  <testcase name="senml_json_empty_multi_resource(String)[1]" classname="org.eclipse.leshan.core.node.codec.LwM2mNodeDecoderTest" time="0.0"/>
  <testcase name="senml_json_empty_multi_resource(String)[2]" classname="org.eclipse.leshan.core.node.codec.LwM2mNodeDecoderTest" time="0.0"/>
  <testcase name="senml_json_empty_multi_resource(String)[3]" classname="org.eclipse.leshan.core.node.codec.LwM2mNodeDecoderTest" time="0.001"/>
  <testcase name="senml_json_empty_multi_resource(String)[4]" classname="org.eclipse.leshan.core.node.codec.LwM2mNodeDecoderTest" time="0.001"/>
  <testcase name="senml_json_empty_multi_resource(String)[5]" classname="org.eclipse.leshan.core.node.codec.LwM2mNodeDecoderTest" time="0.001"/>
  <testcase name="senml_json_decode_resources(String)[1]" classname="org.eclipse.leshan.core.node.codec.LwM2mNodeDecoderTest" time="0.001"/>
  <testcase name="senml_json_decode_resources(String)[2]" classname="org.eclipse.leshan.core.node.codec.LwM2mNodeDecoderTest" time="0.001"/>
  <testcase name="senml_json_decode_resources(String)[3]" classname="org.eclipse.leshan.core.node.codec.LwM2mNodeDecoderTest" time="0.001"/>
  <testcase name="senml_json_decode_resources(String)[4]" classname="org.eclipse.leshan.core.node.codec.LwM2mNodeDecoderTest" time="0.0"/>
  <testcase name="senml_json_decode_resources(String)[5]" classname="org.eclipse.leshan.core.node.codec.LwM2mNodeDecoderTest" time="0.0"/>
  <testcase name="json_timestamped_instances(String)[1]" classname="org.eclipse.leshan.core.node.codec.LwM2mNodeDecoderTest" time="0.001"/>
  <testcase name="json_timestamped_instances(String)[2]" classname="org.eclipse.leshan.core.node.codec.LwM2mNodeDecoderTest" time="0.001"/>
  <testcase name="json_timestamped_instances(String)[3]" classname="org.eclipse.leshan.core.node.codec.LwM2mNodeDecoderTest" time="0.001"/>
  <testcase name="json_timestamped_instances(String)[4]" classname="org.eclipse.leshan.core.node.codec.LwM2mNodeDecoderTest" time="0.0"/>
  <testcase name="json_timestamped_instances(String)[5]" classname="org.eclipse.leshan.core.node.codec.LwM2mNodeDecoderTest" time="0.0"/>
  <testcase name="senml_json_decode_invalid_path_with_value(String)[1]" classname="org.eclipse.leshan.core.node.codec.LwM2mNodeDecoderTest" time="0.001"/>
  <testcase name="senml_json_decode_invalid_path_with_value(String)[2]" classname="org.eclipse.leshan.core.node.codec.LwM2mNodeDecoderTest" time="0.0"/>
  <testcase name="senml_json_decode_invalid_path_with_value(String)[3]" classname="org.eclipse.leshan.core.node.codec.LwM2mNodeDecoderTest" time="0.0"/>
  <testcase name="senml_json_decode_invalid_path_with_value(String)[4]" classname="org.eclipse.leshan.core.node.codec.LwM2mNodeDecoderTest" time="0.0"/>
  <testcase name="senml_json_decode_invalid_path_with_value(String)[5]" classname="org.eclipse.leshan.core.node.codec.LwM2mNodeDecoderTest" time="0.001"/>
  <testcase name="senml_timestamped_resources_with_several_bn(String)[1]" classname="org.eclipse.leshan.core.node.codec.LwM2mNodeDecoderTest" time="0.0"/>
  <testcase name="senml_timestamped_resources_with_several_bn(String)[2]" classname="org.eclipse.leshan.core.node.codec.LwM2mNodeDecoderTest" time="0.001"/>
  <testcase name="senml_timestamped_resources_with_several_bn(String)[3]" classname="org.eclipse.leshan.core.node.codec.LwM2mNodeDecoderTest" time="0.001"/>
  <testcase name="senml_timestamped_resources_with_several_bn(String)[4]" classname="org.eclipse.leshan.core.node.codec.LwM2mNodeDecoderTest" time="0.001"/>
  <testcase name="senml_timestamped_resources_with_several_bn(String)[5]" classname="org.eclipse.leshan.core.node.codec.LwM2mNodeDecoderTest" time="0.0"/>
  <testcase name="senml_json_decode_invalid_path_with_timestamp(String)[1]" classname="org.eclipse.leshan.core.node.codec.LwM2mNodeDecoderTest" time="0.001"/>
  <testcase name="senml_json_decode_invalid_path_with_timestamp(String)[2]" classname="org.eclipse.leshan.core.node.codec.LwM2mNodeDecoderTest" time="0.0"/>
  <testcase name="senml_json_decode_invalid_path_with_timestamp(String)[3]" classname="org.eclipse.leshan.core.node.codec.LwM2mNodeDecoderTest" time="0.0"/>
  <testcase name="senml_json_decode_invalid_path_with_timestamp(String)[4]" classname="org.eclipse.leshan.core.node.codec.LwM2mNodeDecoderTest" time="0.001"/>
  <testcase name="senml_json_decode_invalid_path_with_timestamp(String)[5]" classname="org.eclipse.leshan.core.node.codec.LwM2mNodeDecoderTest" time="0.0"/>
  <testcase name="tlv_acl_object_multi_instance(String)[1]" classname="org.eclipse.leshan.core.node.codec.LwM2mNodeDecoderTest" time="0.0"/>
  <testcase name="tlv_acl_object_multi_instance(String)[2]" classname="org.eclipse.leshan.core.node.codec.LwM2mNodeDecoderTest" time="0.0"/>
  <testcase name="tlv_acl_object_multi_instance(String)[3]" classname="org.eclipse.leshan.core.node.codec.LwM2mNodeDecoderTest" time="0.001"/>
  <testcase name="tlv_acl_object_multi_instance(String)[4]" classname="org.eclipse.leshan.core.node.codec.LwM2mNodeDecoderTest" time="0.0"/>
  <testcase name="tlv_acl_object_multi_instance(String)[5]" classname="org.eclipse.leshan.core.node.codec.LwM2mNodeDecoderTest" time="0.001"/>
  <testcase name="senml_json_decode_ulong(String)[1]" classname="org.eclipse.leshan.core.node.codec.LwM2mNodeDecoderTest" time="0.001"/>
  <testcase name="senml_json_decode_ulong(String)[2]" classname="org.eclipse.leshan.core.node.codec.LwM2mNodeDecoderTest" time="0.001"/>
  <testcase name="senml_json_decode_ulong(String)[3]" classname="org.eclipse.leshan.core.node.codec.LwM2mNodeDecoderTest" time="0.001"/>
  <testcase name="senml_json_decode_ulong(String)[4]" classname="org.eclipse.leshan.core.node.codec.LwM2mNodeDecoderTest" time="0.0"/>
  <testcase name="senml_json_decode_ulong(String)[5]" classname="org.eclipse.leshan.core.node.codec.LwM2mNodeDecoderTest" time="0.0"/>
  <testcase name="json_cut_basename_name_in_the_middle_of_an_id(String)[1]" classname="org.eclipse.leshan.core.node.codec.LwM2mNodeDecoderTest" time="0.0"/>
  <testcase name="json_cut_basename_name_in_the_middle_of_an_id(String)[2]" classname="org.eclipse.leshan.core.node.codec.LwM2mNodeDecoderTest" time="0.001"/>
  <testcase name="json_cut_basename_name_in_the_middle_of_an_id(String)[3]" classname="org.eclipse.leshan.core.node.codec.LwM2mNodeDecoderTest" time="0.0"/>
  <testcase name="json_cut_basename_name_in_the_middle_of_an_id(String)[4]" classname="org.eclipse.leshan.core.node.codec.LwM2mNodeDecoderTest" time="0.0"/>
  <testcase name="json_cut_basename_name_in_the_middle_of_an_id(String)[5]" classname="org.eclipse.leshan.core.node.codec.LwM2mNodeDecoderTest" time="0.001"/>
  <testcase name="senml_timestamped_resources(String)[1]" classname="org.eclipse.leshan.core.node.codec.LwM2mNodeDecoderTest" time="0.001"/>
  <testcase name="senml_timestamped_resources(String)[2]" classname="org.eclipse.leshan.core.node.codec.LwM2mNodeDecoderTest" time="0.001"/>
  <testcase name="senml_timestamped_resources(String)[3]" classname="org.eclipse.leshan.core.node.codec.LwM2mNodeDecoderTest" time="0.0"/>
  <testcase name="senml_timestamped_resources(String)[4]" classname="org.eclipse.leshan.core.node.codec.LwM2mNodeDecoderTest" time="0.0"/>
  <testcase name="senml_timestamped_resources(String)[5]" classname="org.eclipse.leshan.core.node.codec.LwM2mNodeDecoderTest" time="0.001"/>
  <testcase name="tlv_single_instance_with_obj_link(String)[1]" classname="org.eclipse.leshan.core.node.codec.LwM2mNodeDecoderTest" time="0.0"/>
  <testcase name="tlv_single_instance_with_obj_link(String)[2]" classname="org.eclipse.leshan.core.node.codec.LwM2mNodeDecoderTest" time="0.001"/>
  <testcase name="tlv_single_instance_with_obj_link(String)[3]" classname="org.eclipse.leshan.core.node.codec.LwM2mNodeDecoderTest" time="0.0"/>
  <testcase name="tlv_single_instance_with_obj_link(String)[4]" classname="org.eclipse.leshan.core.node.codec.LwM2mNodeDecoderTest" time="0.001"/>
  <testcase name="tlv_single_instance_with_obj_link(String)[5]" classname="org.eclipse.leshan.core.node.codec.LwM2mNodeDecoderTest" time="0.0"/>
  <testcase name="json_invalid_instance_2_resources_with_the_same_id(String)[1]" classname="org.eclipse.leshan.core.node.codec.LwM2mNodeDecoderTest" time="0.001"/>
  <testcase name="json_invalid_instance_2_resources_with_the_same_id(String)[2]" classname="org.eclipse.leshan.core.node.codec.LwM2mNodeDecoderTest" time="0.0"/>
  <testcase name="json_invalid_instance_2_resources_with_the_same_id(String)[3]" classname="org.eclipse.leshan.core.node.codec.LwM2mNodeDecoderTest" time="0.0"/>
  <testcase name="json_invalid_instance_2_resources_with_the_same_id(String)[4]" classname="org.eclipse.leshan.core.node.codec.LwM2mNodeDecoderTest" time="0.001"/>
  <testcase name="json_invalid_instance_2_resources_with_the_same_id(String)[5]" classname="org.eclipse.leshan.core.node.codec.LwM2mNodeDecoderTest" time="0.0"/>
  <testcase name="text_battery_resource(String)[1]" classname="org.eclipse.leshan.core.node.codec.LwM2mNodeDecoderTest" time="0.0"/>
  <testcase name="text_battery_resource(String)[2]" classname="org.eclipse.leshan.core.node.codec.LwM2mNodeDecoderTest" time="0.0"/>
  <testcase name="text_battery_resource(String)[3]" classname="org.eclipse.leshan.core.node.codec.LwM2mNodeDecoderTest" time="0.0"/>
  <testcase name="text_battery_resource(String)[4]" classname="org.eclipse.leshan.core.node.codec.LwM2mNodeDecoderTest" time="0.0"/>
  <testcase name="text_battery_resource(String)[5]" classname="org.eclipse.leshan.core.node.codec.LwM2mNodeDecoderTest" time="0.0"/>
  <testcase name="decode_null_object_instance(ContentFormat)[1]" classname="org.eclipse.leshan.core.node.codec.LwM2mNodeDecoderTest" time="0.0"/>
  <testcase name="decode_null_object_instance(ContentFormat)[2]" classname="org.eclipse.leshan.core.node.codec.LwM2mNodeDecoderTest" time="0.0"/>
  <testcase name="decode_null_object_instance(ContentFormat)[3]" classname="org.eclipse.leshan.core.node.codec.LwM2mNodeDecoderTest" time="0.001"/>
  <testcase name="json_empty_multi_resource(String)[1]" classname="org.eclipse.leshan.core.node.codec.LwM2mNodeDecoderTest" time="0.001"/>
  <testcase name="json_empty_multi_resource(String)[2]" classname="org.eclipse.leshan.core.node.codec.LwM2mNodeDecoderTest" time="0.001"/>
  <testcase name="json_empty_multi_resource(String)[3]" classname="org.eclipse.leshan.core.node.codec.LwM2mNodeDecoderTest" time="0.0"/>
  <testcase name="json_empty_multi_resource(String)[4]" classname="org.eclipse.leshan.core.node.codec.LwM2mNodeDecoderTest" time="0.0"/>
  <testcase name="json_empty_multi_resource(String)[5]" classname="org.eclipse.leshan.core.node.codec.LwM2mNodeDecoderTest" time="0.0"/>
  <testcase name="json_timestamped_Object(String)[1]" classname="org.eclipse.leshan.core.node.codec.LwM2mNodeDecoderTest" time="0.0"/>
  <testcase name="json_timestamped_Object(String)[2]" classname="org.eclipse.leshan.core.node.codec.LwM2mNodeDecoderTest" time="0.0"/>
  <testcase name="json_timestamped_Object(String)[3]" classname="org.eclipse.leshan.core.node.codec.LwM2mNodeDecoderTest" time="0.001"/>
  <testcase name="json_timestamped_Object(String)[4]" classname="org.eclipse.leshan.core.node.codec.LwM2mNodeDecoderTest" time="0.001"/>
  <testcase name="json_timestamped_Object(String)[5]" classname="org.eclipse.leshan.core.node.codec.LwM2mNodeDecoderTest" time="0.001"/>
  <testcase name="json_invalid_multi_resource_2_instances_with_the_same_id(String)[1]" classname="org.eclipse.leshan.core.node.codec.LwM2mNodeDecoderTest" time="0.001"/>
  <testcase name="json_invalid_multi_resource_2_instances_with_the_same_id(String)[2]" classname="org.eclipse.leshan.core.node.codec.LwM2mNodeDecoderTest" time="0.0"/>
  <testcase name="json_invalid_multi_resource_2_instances_with_the_same_id(String)[3]" classname="org.eclipse.leshan.core.node.codec.LwM2mNodeDecoderTest" time="0.001"/>
  <testcase name="json_invalid_multi_resource_2_instances_with_the_same_id(String)[4]" classname="org.eclipse.leshan.core.node.codec.LwM2mNodeDecoderTest" time="0.0"/>
  <testcase name="json_invalid_multi_resource_2_instances_with_the_same_id(String)[5]" classname="org.eclipse.leshan.core.node.codec.LwM2mNodeDecoderTest" time="0.001"/>
  <testcase name="senml_json_decode_multiple_resource(String)[1]" classname="org.eclipse.leshan.core.node.codec.LwM2mNodeDecoderTest" time="0.001"/>
  <testcase name="senml_json_decode_multiple_resource(String)[2]" classname="org.eclipse.leshan.core.node.codec.LwM2mNodeDecoderTest" time="0.0"/>
  <testcase name="senml_json_decode_multiple_resource(String)[3]" classname="org.eclipse.leshan.core.node.codec.LwM2mNodeDecoderTest" time="0.0"/>
  <testcase name="senml_json_decode_multiple_resource(String)[4]" classname="org.eclipse.leshan.core.node.codec.LwM2mNodeDecoderTest" time="0.001"/>
  <testcase name="senml_json_decode_multiple_resource(String)[5]" classname="org.eclipse.leshan.core.node.codec.LwM2mNodeDecoderTest" time="0.0"/>
  <testcase name="tlv_instance_with_core_link_value(String)[1]" classname="org.eclipse.leshan.core.node.codec.LwM2mNodeDecoderTest" time="0.002"/>
  <testcase name="tlv_instance_with_core_link_value(String)[2]" classname="org.eclipse.leshan.core.node.codec.LwM2mNodeDecoderTest" time="0.001"/>
  <testcase name="tlv_instance_with_core_link_value(String)[3]" classname="org.eclipse.leshan.core.node.codec.LwM2mNodeDecoderTest" time="0.0"/>
  <testcase name="tlv_instance_with_core_link_value(String)[4]" classname="org.eclipse.leshan.core.node.codec.LwM2mNodeDecoderTest" time="0.0"/>
  <testcase name="tlv_instance_with_core_link_value(String)[5]" classname="org.eclipse.leshan.core.node.codec.LwM2mNodeDecoderTest" time="0.001"/>
  <testcase name="tlv_invalid_object_2_instances_with_the_same_id(String)[1]" classname="org.eclipse.leshan.core.node.codec.LwM2mNodeDecoderTest" time="0.001"/>
  <testcase name="tlv_invalid_object_2_instances_with_the_same_id(String)[2]" classname="org.eclipse.leshan.core.node.codec.LwM2mNodeDecoderTest" time="0.001"/>
  <testcase name="tlv_invalid_object_2_instances_with_the_same_id(String)[3]" classname="org.eclipse.leshan.core.node.codec.LwM2mNodeDecoderTest" time="0.0"/>
  <testcase name="tlv_invalid_object_2_instances_with_the_same_id(String)[4]" classname="org.eclipse.leshan.core.node.codec.LwM2mNodeDecoderTest" time="0.0"/>
  <testcase name="tlv_invalid_object_2_instances_with_the_same_id(String)[5]" classname="org.eclipse.leshan.core.node.codec.LwM2mNodeDecoderTest" time="0.001"/>
  <testcase name="json_empty_object(String)[1]" classname="org.eclipse.leshan.core.node.codec.LwM2mNodeDecoderTest" time="0.001"/>
  <testcase name="json_empty_object(String)[2]" classname="org.eclipse.leshan.core.node.codec.LwM2mNodeDecoderTest" time="0.001"/>
  <testcase name="json_empty_object(String)[3]" classname="org.eclipse.leshan.core.node.codec.LwM2mNodeDecoderTest" time="0.001"/>
  <testcase name="json_empty_object(String)[4]" classname="org.eclipse.leshan.core.node.codec.LwM2mNodeDecoderTest" time="0.0"/>
  <testcase name="json_empty_object(String)[5]" classname="org.eclipse.leshan.core.node.codec.LwM2mNodeDecoderTest" time="0.0"/>
  <testcase name="senml_json_decode_path_using_name(String)[1]" classname="org.eclipse.leshan.core.node.codec.LwM2mNodeDecoderTest" time="0.001"/>
  <testcase name="senml_json_decode_path_using_name(String)[2]" classname="org.eclipse.leshan.core.node.codec.LwM2mNodeDecoderTest" time="0.0"/>
  <testcase name="senml_json_decode_path_using_name(String)[3]" classname="org.eclipse.leshan.core.node.codec.LwM2mNodeDecoderTest" time="0.001"/>
  <testcase name="senml_json_decode_path_using_name(String)[4]" classname="org.eclipse.leshan.core.node.codec.LwM2mNodeDecoderTest" time="0.0"/>
  <testcase name="senml_json_decode_path_using_name(String)[5]" classname="org.eclipse.leshan.core.node.codec.LwM2mNodeDecoderTest" time="0.0"/>
  <testcase name="tlv_manufacturer_resource(String)[1]" classname="org.eclipse.leshan.core.node.codec.LwM2mNodeDecoderTest" time="0.0"/>
  <testcase name="tlv_manufacturer_resource(String)[2]" classname="org.eclipse.leshan.core.node.codec.LwM2mNodeDecoderTest" time="0.0"/>
  <testcase name="tlv_manufacturer_resource(String)[3]" classname="org.eclipse.leshan.core.node.codec.LwM2mNodeDecoderTest" time="0.0"/>
  <testcase name="tlv_manufacturer_resource(String)[4]" classname="org.eclipse.leshan.core.node.codec.LwM2mNodeDecoderTest" time="0.0"/>
  <testcase name="tlv_manufacturer_resource(String)[5]" classname="org.eclipse.leshan.core.node.codec.LwM2mNodeDecoderTest" time="0.0"/>
  <testcase name="text_decode_opaque_from_base64_string(String)[1]" classname="org.eclipse.leshan.core.node.codec.LwM2mNodeDecoderTest" time="0.0"/>
  <testcase name="text_decode_opaque_from_base64_string(String)[2]" classname="org.eclipse.leshan.core.node.codec.LwM2mNodeDecoderTest" time="0.001"/>
  <testcase name="text_decode_opaque_from_base64_string(String)[3]" classname="org.eclipse.leshan.core.node.codec.LwM2mNodeDecoderTest" time="0.0"/>
  <testcase name="text_decode_opaque_from_base64_string(String)[4]" classname="org.eclipse.leshan.core.node.codec.LwM2mNodeDecoderTest" time="0.001"/>
  <testcase name="text_decode_opaque_from_base64_string(String)[5]" classname="org.eclipse.leshan.core.node.codec.LwM2mNodeDecoderTest" time="0.0"/>
  <testcase name="tlv_device_object_instance0_from_resources_tlv__instance_expected(String)[1]" classname="org.eclipse.leshan.core.node.codec.LwM2mNodeDecoderTest" time="0.0"/>
  <testcase name="tlv_device_object_instance0_from_resources_tlv__instance_expected(String)[2]" classname="org.eclipse.leshan.core.node.codec.LwM2mNodeDecoderTest" time="0.0"/>
  <testcase name="tlv_device_object_instance0_from_resources_tlv__instance_expected(String)[3]" classname="org.eclipse.leshan.core.node.codec.LwM2mNodeDecoderTest" time="0.0"/>
  <testcase name="tlv_device_object_instance0_from_resources_tlv__instance_expected(String)[4]" classname="org.eclipse.leshan.core.node.codec.LwM2mNodeDecoderTest" time="0.001"/>
  <testcase name="tlv_device_object_instance0_from_resources_tlv__instance_expected(String)[5]" classname="org.eclipse.leshan.core.node.codec.LwM2mNodeDecoderTest" time="0.001"/>
  <testcase name="senml_timestamped_Object(String)[1]" classname="org.eclipse.leshan.core.node.codec.LwM2mNodeDecoderTest" time="0.0"/>
  <testcase name="senml_timestamped_Object(String)[2]" classname="org.eclipse.leshan.core.node.codec.LwM2mNodeDecoderTest" time="0.001"/>
  <testcase name="senml_timestamped_Object(String)[3]" classname="org.eclipse.leshan.core.node.codec.LwM2mNodeDecoderTest" time="0.001"/>
  <testcase name="senml_timestamped_Object(String)[4]" classname="org.eclipse.leshan.core.node.codec.LwM2mNodeDecoderTest" time="0.001"/>
  <testcase name="senml_timestamped_Object(String)[5]" classname="org.eclipse.leshan.core.node.codec.LwM2mNodeDecoderTest" time="0.001"/>
  <testcase name="senml_json_decode_single_resource(String)[1]" classname="org.eclipse.leshan.core.node.codec.LwM2mNodeDecoderTest" time="0.001"/>
  <testcase name="senml_json_decode_single_resource(String)[2]" classname="org.eclipse.leshan.core.node.codec.LwM2mNodeDecoderTest" time="0.001"/>
  <testcase name="senml_json_decode_single_resource(String)[3]" classname="org.eclipse.leshan.core.node.codec.LwM2mNodeDecoderTest" time="0.001"/>
  <testcase name="senml_json_decode_single_resource(String)[4]" classname="org.eclipse.leshan.core.node.codec.LwM2mNodeDecoderTest" time="0.0"/>
  <testcase name="senml_json_decode_single_resource(String)[5]" classname="org.eclipse.leshan.core.node.codec.LwM2mNodeDecoderTest" time="0.001"/>
  <testcase name="content_format_is_mandatory(String)[1]" classname="org.eclipse.leshan.core.node.codec.LwM2mNodeDecoderTest" time="0.0"/>
  <testcase name="content_format_is_mandatory(String)[2]" classname="org.eclipse.leshan.core.node.codec.LwM2mNodeDecoderTest" time="0.0"/>
  <testcase name="content_format_is_mandatory(String)[3]" classname="org.eclipse.leshan.core.node.codec.LwM2mNodeDecoderTest" time="0.0"/>
  <testcase name="content_format_is_mandatory(String)[4]" classname="org.eclipse.leshan.core.node.codec.LwM2mNodeDecoderTest" time="0.0"/>
  <testcase name="content_format_is_mandatory(String)[5]" classname="org.eclipse.leshan.core.node.codec.LwM2mNodeDecoderTest" time="0.0"/>
  <testcase name="tlv_resource_with_undesired_invalid_object_instance(String)[1]" classname="org.eclipse.leshan.core.node.codec.LwM2mNodeDecoderTest" time="0.001"/>
  <testcase name="tlv_resource_with_undesired_invalid_object_instance(String)[2]" classname="org.eclipse.leshan.core.node.codec.LwM2mNodeDecoderTest" time="0.0"/>
  <testcase name="tlv_resource_with_undesired_invalid_object_instance(String)[3]" classname="org.eclipse.leshan.core.node.codec.LwM2mNodeDecoderTest" time="0.0"/>
  <testcase name="tlv_resource_with_undesired_invalid_object_instance(String)[4]" classname="org.eclipse.leshan.core.node.codec.LwM2mNodeDecoderTest" time="0.0"/>
  <testcase name="tlv_resource_with_undesired_invalid_object_instance(String)[5]" classname="org.eclipse.leshan.core.node.codec.LwM2mNodeDecoderTest" time="0.0"/>
  <testcase name="decode_null_object(ContentFormat)[1]" classname="org.eclipse.leshan.core.node.codec.LwM2mNodeDecoderTest" time="0.0"/>
  <testcase name="decode_null_object(ContentFormat)[2]" classname="org.eclipse.leshan.core.node.codec.LwM2mNodeDecoderTest" time="0.0"/>
  <testcase name="decode_null_object(ContentFormat)[3]" classname="org.eclipse.leshan.core.node.codec.LwM2mNodeDecoderTest" time="0.001"/>
  <testcase name="tlv_invalid_object__instance_2_resources_with_the_same_id(String)[1]" classname="org.eclipse.leshan.core.node.codec.LwM2mNodeDecoderTest" time="0.001"/>
  <testcase name="tlv_invalid_object__instance_2_resources_with_the_same_id(String)[2]" classname="org.eclipse.leshan.core.node.codec.LwM2mNodeDecoderTest" time="0.001"/>
  <testcase name="tlv_invalid_object__instance_2_resources_with_the_same_id(String)[3]" classname="org.eclipse.leshan.core.node.codec.LwM2mNodeDecoderTest" time="0.0"/>
  <testcase name="tlv_invalid_object__instance_2_resources_with_the_same_id(String)[4]" classname="org.eclipse.leshan.core.node.codec.LwM2mNodeDecoderTest" time="0.001"/>
  <testcase name="tlv_invalid_object__instance_2_resources_with_the_same_id(String)[5]" classname="org.eclipse.leshan.core.node.codec.LwM2mNodeDecoderTest" time="0.0"/>
  <testcase name="senml_json_decode_single_resource_using_exponantial_notation(String)[1]" classname="org.eclipse.leshan.core.node.codec.LwM2mNodeDecoderTest" time="0.0"/>
  <testcase name="senml_json_decode_single_resource_using_exponantial_notation(String)[2]" classname="org.eclipse.leshan.core.node.codec.LwM2mNodeDecoderTest" time="0.0"/>
  <testcase name="senml_json_decode_single_resource_using_exponantial_notation(String)[3]" classname="org.eclipse.leshan.core.node.codec.LwM2mNodeDecoderTest" time="0.001"/>
  <testcase name="senml_json_decode_single_resource_using_exponantial_notation(String)[4]" classname="org.eclipse.leshan.core.node.codec.LwM2mNodeDecoderTest" time="0.0"/>
  <testcase name="senml_json_decode_single_resource_using_exponantial_notation(String)[5]" classname="org.eclipse.leshan.core.node.codec.LwM2mNodeDecoderTest" time="0.001"/>
  <testcase name="json_device_object_instance0(String)[1]" classname="org.eclipse.leshan.core.node.codec.LwM2mNodeDecoderTest" time="0.001"/>
  <testcase name="json_device_object_instance0(String)[2]" classname="org.eclipse.leshan.core.node.codec.LwM2mNodeDecoderTest" time="0.001"/>
  <testcase name="json_device_object_instance0(String)[3]" classname="org.eclipse.leshan.core.node.codec.LwM2mNodeDecoderTest" time="0.001"/>
  <testcase name="json_device_object_instance0(String)[4]" classname="org.eclipse.leshan.core.node.codec.LwM2mNodeDecoderTest" time="0.0"/>
  <testcase name="json_device_object_instance0(String)[5]" classname="org.eclipse.leshan.core.node.codec.LwM2mNodeDecoderTest" time="0.0"/>
  <testcase name="json_empty_single_resource(String)[1]" classname="org.eclipse.leshan.core.node.codec.LwM2mNodeDecoderTest" time="0.001"/>
  <testcase name="json_empty_single_resource(String)[2]" classname="org.eclipse.leshan.core.node.codec.LwM2mNodeDecoderTest" time="0.001"/>
  <testcase name="json_empty_single_resource(String)[3]" classname="org.eclipse.leshan.core.node.codec.LwM2mNodeDecoderTest" time="0.0"/>
  <testcase name="json_empty_single_resource(String)[4]" classname="org.eclipse.leshan.core.node.codec.LwM2mNodeDecoderTest" time="0.0"/>
  <testcase name="json_empty_single_resource(String)[5]" classname="org.eclipse.leshan.core.node.codec.LwM2mNodeDecoderTest" time="0.0"/>
  <testcase name="json_device_object_instance0_with_empty_root_basename(String)[1]" classname="org.eclipse.leshan.core.node.codec.LwM2mNodeDecoderTest" time="0.001"/>
  <testcase name="json_device_object_instance0_with_empty_root_basename(String)[2]" classname="org.eclipse.leshan.core.node.codec.LwM2mNodeDecoderTest" time="0.0"/>
  <testcase name="json_device_object_instance0_with_empty_root_basename(String)[3]" classname="org.eclipse.leshan.core.node.codec.LwM2mNodeDecoderTest" time="0.0"/>
  <testcase name="json_device_object_instance0_with_empty_root_basename(String)[4]" classname="org.eclipse.leshan.core.node.codec.LwM2mNodeDecoderTest" time="0.0"/>
  <testcase name="json_device_object_instance0_with_empty_root_basename(String)[5]" classname="org.eclipse.leshan.core.node.codec.LwM2mNodeDecoderTest" time="0.0"/>
  <testcase name="tlv_resource_with_undesired_object_instance(String)[1]" classname="org.eclipse.leshan.core.node.codec.LwM2mNodeDecoderTest" time="0.0"/>
  <testcase name="tlv_resource_with_undesired_object_instance(String)[2]" classname="org.eclipse.leshan.core.node.codec.LwM2mNodeDecoderTest" time="0.0"/>
  <testcase name="tlv_resource_with_undesired_object_instance(String)[3]" classname="org.eclipse.leshan.core.node.codec.LwM2mNodeDecoderTest" time="0.0"/>
  <testcase name="tlv_resource_with_undesired_object_instance(String)[4]" classname="org.eclipse.leshan.core.node.codec.LwM2mNodeDecoderTest" time="0.0"/>
  <testcase name="tlv_resource_with_undesired_object_instance(String)[5]" classname="org.eclipse.leshan.core.node.codec.LwM2mNodeDecoderTest" time="0.0"/>
  <testcase name="json_timestamped_resources(String)[1]" classname="org.eclipse.leshan.core.node.codec.LwM2mNodeDecoderTest" time="0.0"/>
  <testcase name="json_timestamped_resources(String)[2]" classname="org.eclipse.leshan.core.node.codec.LwM2mNodeDecoderTest" time="0.0"/>
  <testcase name="json_timestamped_resources(String)[3]" classname="org.eclipse.leshan.core.node.codec.LwM2mNodeDecoderTest" time="0.001"/>
  <testcase name="json_timestamped_resources(String)[4]" classname="org.eclipse.leshan.core.node.codec.LwM2mNodeDecoderTest" time="0.001"/>
  <testcase name="json_timestamped_resources(String)[5]" classname="org.eclipse.leshan.core.node.codec.LwM2mNodeDecoderTest" time="0.0"/>
  <testcase name="senml_multiple_timestamped_nodes(String)[1]" classname="org.eclipse.leshan.core.node.codec.LwM2mNodeDecoderTest" time="0.001"/>
  <testcase name="senml_multiple_timestamped_nodes(String)[2]" classname="org.eclipse.leshan.core.node.codec.LwM2mNodeDecoderTest" time="0.001"/>
  <testcase name="senml_multiple_timestamped_nodes(String)[3]" classname="org.eclipse.leshan.core.node.codec.LwM2mNodeDecoderTest" time="0.001"/>
  <testcase name="senml_multiple_timestamped_nodes(String)[4]" classname="org.eclipse.leshan.core.node.codec.LwM2mNodeDecoderTest" time="0.001"/>
  <testcase name="senml_multiple_timestamped_nodes(String)[5]" classname="org.eclipse.leshan.core.node.codec.LwM2mNodeDecoderTest" time="0.0"/>
  <testcase name="tlv_device_object_instance0_from_instance_tlv(String)[1]" classname="org.eclipse.leshan.core.node.codec.LwM2mNodeDecoderTest" time="0.0"/>
  <testcase name="tlv_device_object_instance0_from_instance_tlv(String)[2]" classname="org.eclipse.leshan.core.node.codec.LwM2mNodeDecoderTest" time="0.0"/>
  <testcase name="tlv_device_object_instance0_from_instance_tlv(String)[3]" classname="org.eclipse.leshan.core.node.codec.LwM2mNodeDecoderTest" time="0.0"/>
  <testcase name="tlv_device_object_instance0_from_instance_tlv(String)[4]" classname="org.eclipse.leshan.core.node.codec.LwM2mNodeDecoderTest" time="0.001"/>
  <testcase name="tlv_device_object_instance0_from_instance_tlv(String)[5]" classname="org.eclipse.leshan.core.node.codec.LwM2mNodeDecoderTest" time="0.0"/>
  <testcase name="senml_json_decode_device_object_instance(String)[1]" classname="org.eclipse.leshan.core.node.codec.LwM2mNodeDecoderTest" time="0.0"/>
  <testcase name="senml_json_decode_device_object_instance(String)[2]" classname="org.eclipse.leshan.core.node.codec.LwM2mNodeDecoderTest" time="0.0"/>
  <testcase name="senml_json_decode_device_object_instance(String)[3]" classname="org.eclipse.leshan.core.node.codec.LwM2mNodeDecoderTest" time="0.0"/>
  <testcase name="senml_json_decode_device_object_instance(String)[4]" classname="org.eclipse.leshan.core.node.codec.LwM2mNodeDecoderTest" time="0.001"/>
  <testcase name="senml_json_decode_device_object_instance(String)[5]" classname="org.eclipse.leshan.core.node.codec.LwM2mNodeDecoderTest" time="0.001"/>
</testsuite>